[14:46:17] SERVO9 AUX1 PWM -> 2600
<<<<<<< HEAD
[16:14:23] Görev durumu takip sistemi başlatıldı
[16:14:23] Istasyon telemetri aciliyor: /dev/serial0
[16:14:23] Deprem tekrar ARM takipçisi başlatıldı
[16:14:23] MAVLink okuma thread'i başlatıldı
[16:14:23] Görev durumu: BEKLEMEDE
[16:14:23] Otomatik deprem ARM thread'i başlatıldı
[16:14:23] MAVLink okuma hatası: pymavlink yüklü değil
[16:14:23] DETAS panel basladi
[16:14:23] Istasyon telemetri baglandi
[16:14:23] AI HAT YOLO modu aktif
[16:14:23] AMG8833 bulundu: 0x69
[16:14:23] YOLO kutu sayimi aktif
[16:14:23] Cube MAVLink modu aktif
[16:14:25] MAVLink okuma hatası: pymavlink yüklü değil
[16:14:26] AI HAT YOLO stream basladi: CAM0
[16:14:27] MAVLink okuma hatası: pymavlink yüklü değil
[16:14:29] MAVLink okuma hatası: pymavlink yüklü değil
[16:14:31] MAVLink okuma hatası: pymavlink yüklü değil
[16:14:33] MAVLink okuma hatası: pymavlink yüklü değil
[16:14:35] MAVLink okuma hatası: pymavlink yüklü değil
[16:14:37] MAVLink okuma hatası: pymavlink yüklü değil
[16:14:39] MAVLink okuma hatası: pymavlink yüklü değil
[16:14:41] MAVLink okuma hatası: pymavlink yüklü değil
[16:14:43] MAVLink okuma hatası: pymavlink yüklü değil
[16:14:45] MAVLink okuma hatası: pymavlink yüklü değil
[16:14:47] MAVLink okuma hatası: pymavlink yüklü değil
[16:14:49] MAVLink okuma hatası: pymavlink yüklü değil
[16:14:51] MAVLink okuma hatası: pymavlink yüklü değil
[16:14:53] MAVLink okuma hatası: pymavlink yüklü değil
[16:14:55] MAVLink okuma hatası: pymavlink yüklü değil
[16:14:57] MAVLink okuma hatası: pymavlink yüklü değil
[16:14:59] MAVLink okuma hatası: pymavlink yüklü değil
[16:15:01] MAVLink okuma hatası: pymavlink yüklü değil
[16:15:03] MAVLink okuma hatası: pymavlink yüklü değil
[16:15:05] MAVLink okuma hatası: pymavlink yüklü değil
[16:15:07] MAVLink okuma hatası: pymavlink yüklü değil
[16:15:09] MAVLink okuma hatası: pymavlink yüklü değil
[16:15:11] MAVLink okuma hatası: pymavlink yüklü değil
[16:15:13] MAVLink okuma hatası: pymavlink yüklü değil
[16:15:15] MAVLink okuma hatası: pymavlink yüklü değil
[16:15:17] MAVLink okuma hatası: pymavlink yüklü değil
[16:15:19] MAVLink okuma hatası: pymavlink yüklü değil
[16:15:21] MAVLink okuma hatası: pymavlink yüklü değil
[16:15:23] MAVLink okuma hatası: pymavlink yüklü değil
[16:15:25] MAVLink okuma hatası: pymavlink yüklü değil
[16:15:27] MAVLink okuma hatası: pymavlink yüklü değil
[16:15:29] MAVLink okuma hatası: pymavlink yüklü değil
[16:15:31] MAVLink okuma hatası: pymavlink yüklü değil
[16:15:33] MAVLink okuma hatası: pymavlink yüklü değil
[16:15:35] MAVLink okuma hatası: pymavlink yüklü değil
[16:15:37] MAVLink okuma hatası: pymavlink yüklü değil
[16:15:39] MAVLink okuma hatası: pymavlink yüklü değil
[16:15:41] MAVLink okuma hatası: pymavlink yüklü değil
[16:15:43] MAVLink okuma hatası: pymavlink yüklü değil
[16:15:45] MAVLink okuma hatası: pymavlink yüklü değil
[16:15:47] MAVLink okuma hatası: pymavlink yüklü değil
[16:15:49] MAVLink okuma hatası: pymavlink yüklü değil
[16:15:51] MAVLink okuma hatası: pymavlink yüklü değil
[16:15:53] MAVLink okuma hatası: pymavlink yüklü değil
[16:15:55] MAVLink okuma hatası: pymavlink yüklü değil
[16:15:57] MAVLink okuma hatası: pymavlink yüklü değil
[16:15:59] MAVLink okuma hatası: pymavlink yüklü değil
[16:16:01] MAVLink okuma hatası: pymavlink yüklü değil
[16:16:03] MAVLink okuma hatası: pymavlink yüklü değil
[16:16:05] MAVLink okuma hatası: pymavlink yüklü değil
[16:16:07] MAVLink okuma hatası: pymavlink yüklü değil
[16:16:27] Istasyon telemetri aciliyor: /dev/serial0
[16:16:27] Deprem tekrar ARM takipçisi başlatıldı
[16:16:27] Görev durumu takip sistemi başlatıldı
[16:16:27] MAVLink okuma thread'i başlatıldı
[16:16:27] Otomatik deprem ARM thread'i başlatıldı
[16:16:27] Görev durumu: BEKLEMEDE
[16:16:27] Istasyon telemetri baglandi
[16:16:27] MAVLink bağlantısı açılıyor: /dev/ttyAMA4 @ 57600
[16:16:27] DETAS panel basladi
[16:16:27] AMG8833 bulundu: 0x69
[16:16:27] AI HAT YOLO modu aktif
[16:16:27] YOLO kutu sayimi aktif
[16:16:27] Cube MAVLink modu aktif
[16:16:31] AI HAT YOLO stream basladi: CAM0
[16:16:42] MAVLink bağlantısı hazır
[16:16:42] MAVLink veri akışı istendi
[16:16:42] MAVLink veri akışı istendi
[16:16:43] AI HAT YOLO stream basladi: CAM0
[16:16:46] ARM komutu gönderildi
[16:16:46] Görev durumu: ARM KOMUTU GÖNDERİLDİ
[16:16:47] Görev durumu: YENİDEN HAZIRLANIYOR
[16:16:49] ARM komutu gönderildi
[16:16:49] Otomatik tekrar ARM gönderildi: send_arm_command
[16:16:49] Deprem tetikleme: ARM komutu gönderildi
[16:16:51] MAVLink veri akışı istendi
[16:16:51] Görev durumu: BEKLEMEDE
[16:16:51] Deprem tetikleme sistemi yeniden hazır
[16:16:52] Deprem tetikleme ARM sonucu: {'ok': False, 'arm': True, 'ack_result': None, 'message': 'ARM komutu gönderildi'}
[16:16:52] MAVLink heartbeat gecikti, bağlantı yenileniyor
[16:16:53] MAVLink bağlantısı açılıyor: /dev/ttyAMA4 @ 57600
[16:16:54] Deprem tetikleme sistemi tekrar hazır
[16:19:10] Görev durumu takip sistemi başlatıldı
[16:19:10] Istasyon telemetri aciliyor: /dev/serial0
[16:19:10] MAVLink okuma thread'i başlatıldı
[16:19:10] Deprem tekrar ARM takipçisi başlatıldı
[16:19:10] MAVLink bağlantısı açılıyor: /dev/ttyAMA4 @ 57600
[16:19:10] Görev durumu: BEKLEMEDE
[16:19:10] Otomatik deprem ARM thread'i başlatıldı
[16:19:10] DETAS panel basladi
[16:19:10] Istasyon telemetri baglandi
[16:19:10] AMG8833 bulundu: 0x69
[16:19:10] AI HAT YOLO modu aktif
[16:19:10] YOLO kutu sayimi aktif
[16:19:10] Cube MAVLink modu aktif
[16:19:14] AI HAT YOLO stream basladi: CAM0
[16:19:25] MAVLink bağlantısı hazır
[16:19:25] MAVLink veri akışı istendi
[16:19:25] MAVLink veri akışı istendi
[16:19:34] MAVLink veri akışı istendi
[16:19:36] MAVLink heartbeat gecikti, bağlantı yenileniyor
[16:19:37] MAVLink bağlantısı açılıyor: /dev/ttyAMA4 @ 57600
[16:19:52] MAVLink bağlantısı hazır
[16:19:52] MAVLink veri akışı istendi
[16:19:52] MAVLink veri akışı istendi
[16:20:01] MAVLink veri akışı istendi
[16:20:03] MAVLink heartbeat gecikti, bağlantı yenileniyor
[16:20:04] MAVLink bağlantısı açılıyor: /dev/ttyAMA4 @ 57600
=======
[15:30:13] MAVLink veri akışı istendi
[15:30:39] Deprem tekrar ARM takipçisi başlatıldı
[15:30:39] Istasyon telemetri aciliyor: /dev/serial0
[15:30:39] Görev durumu takip sistemi başlatıldı
[15:30:39] MAVLink okuma thread'i başlatıldı
[15:30:39] Görev durumu: BEKLEMEDE
[15:30:39] MAVLink bağlantısı açılıyor: /dev/ttyAMA4 @ 57600
[15:30:39] Istasyon telemetri baglandi
[15:30:39] Otomatik deprem ARM thread'i başlatıldı
[15:30:39] DETAS panel basladi
[15:30:39] AMG8833 bulundu: 0x69
[15:30:39] AI HAT YOLO modu aktif
[15:30:39] YOLO kutu sayimi aktif
[15:30:39] Cube MAVLink modu aktif
[15:30:40] MAVLink bağlantısı hazır
[15:30:40] MAVLink veri akışı istendi
[15:30:41] MAVLink veri akışı istendi
[15:30:41] Flight controller heartbeat kaynağı kilitlendi: sys=1, comp=1
[15:30:44] AI HAT YOLO stream basladi: CAM0
[15:30:48] ARM komutu gönderildi
[15:30:48] Görev durumu: ARM KOMUTU GÖNDERİLDİ
[15:30:48] Cube: Warning: Arming Checks Disabled
[15:30:48] Otomatik tekrar ARM gönderildi: send_arm_command
[15:30:48] ARM komutu gönderildi
[15:30:48] Deprem tetikleme: ARM komutu gönderildi
[15:30:48] Deprem tetikleme ARM sonucu: {'ok': True, 'arm': True, 'ack_result': 0, 'message': 'ARM komutu gönderildi'}
[15:30:48] Görev durumu: GÖREVDE
[15:30:49] MAVLink veri akışı istendi
[15:30:50] Deprem tetikleme sistemi yeniden hazır
[15:30:51] Deprem tetikleme sistemi tekrar hazır
[15:30:55] SERVO9 AUX1 PWM -> 1800
[15:30:55] SERVO9 AUX1 PWM -> 1625
[15:30:56] SERVO9 AUX1 PWM -> 1425
[15:30:57] MAVLink veri akışı istendi
[15:30:57] SERVO9 AUX1 PWM -> 1275
[15:30:58] SERVO9 AUX1 PWM -> 2350
[15:30:59] SERVO9 AUX1 PWM -> 2375
[15:30:59] SERVO9 AUX1 PWM -> 2475
[15:31:00] SERVO9 dikey tarama basladi: 1400-2400 PWM
[15:31:00] SERVO9 AUX1 PWM -> 1400
[15:31:00] SERVO9 AUX1 PWM -> 1450
[15:31:01] SERVO9 AUX1 PWM -> 1500
[15:31:01] SERVO9 AUX1 PWM -> 1550
[15:31:02] SERVO9 AUX1 PWM -> 1600
[15:31:02] SERVO9 AUX1 PWM -> 1650
[15:31:02] SERVO9 AUX1 PWM -> 1700
[15:31:03] SERVO9 AUX1 PWM -> 1750
[15:31:03] SERVO9 AUX1 PWM -> 1800
[15:31:04] Görev durumu: BEKLEMEDE
[15:31:04] SERVO9 AUX1 PWM -> 1850
[15:31:04] SERVO9 AUX1 PWM -> 1900
[15:31:05] MAVLink veri akışı istendi
[15:31:05] SERVO9 AUX1 PWM -> 1950
[15:31:05] SERVO9 AUX1 PWM -> 2000
[15:31:06] SERVO9 AUX1 PWM -> 2050
[15:31:06] SERVO9 AUX1 PWM -> 2100
[15:31:07] SERVO9 AUX1 PWM -> 2150
[15:31:07] SERVO9 AUX1 PWM -> 2200
[15:31:07] SERVO9 AUX1 PWM -> 2250
[15:31:08] SERVO9 AUX1 PWM -> 2300
[15:31:08] SERVO9 AUX1 PWM -> 2350
[15:31:09] SERVO9 AUX1 PWM -> 2400
[15:31:09] SERVO9 AUX1 PWM -> 2400
[15:31:10] SERVO9 AUX1 PWM -> 2350
[15:31:10] SERVO9 AUX1 PWM -> 2300
[15:31:11] SERVO9 AUX1 PWM -> 2250
[15:31:11] SERVO9 AUX1 PWM -> 2200
[15:31:12] SERVO9 AUX1 PWM -> 2150
[15:31:12] SERVO9 AUX1 PWM -> 2100
[15:31:13] MAVLink veri akışı istendi
[15:31:13] SERVO9 AUX1 PWM -> 2050
[15:31:13] SERVO9 dikey tarama durdu
[15:31:15] SERVO9 AUX1 PWM -> 1775
[15:31:16] SERVO9 AUX1 PWM -> 1425
[15:31:17] SERVO9 AUX1 PWM -> 1575
[15:31:21] MAVLink veri akışı istendi
[15:31:29] MAVLink veri akışı istendi
[15:31:37] MAVLink veri akışı istendi
>>>>>>> 5f4b34ef86ae203deb21b3b2dd56e89bbe7564d5
